2017-09-10 04:58:16 Notice: Notice (8): Undefined index: REQUEST_URI in [C:\xampp\htdocs\tesis\prueba\vendor\captcha-com\cakephp-captcha\src\Provider\botdetect.php, line 75]
Trace:
Cake\Error\BaseErrorHandler::handleError() - CORE\src\Error\BaseErrorHandler.php, line 153
include_once - ROOT\vendor\captcha-com\cakephp-captcha\src\Provider\botdetect.php, line 75
CakeCaptcha\Support\LibraryLoader::includeFile() - ROOT\vendor\captcha-com\cakephp-captcha\src\Support\LibraryLoader.php, line 59
CakeCaptcha\Support\LibraryLoader::loadBotDetectLibrary() - ROOT\vendor\captcha-com\cakephp-captcha\src\Support\LibraryLoader.php, line 36
CakeCaptcha\Support\LibraryLoader::load() - ROOT\vendor\captcha-com\cakephp-captcha\src\Support\LibraryLoader.php, line 23
CakeCaptcha\Controller\Component\CaptchaComponent::initialize() - ROOT\vendor\captcha-com\cakephp-captcha\src\Controller\Component\CaptchaComponent.php, line 42
Cake\Controller\Component::__construct() - CORE\src\Controller\Component.php, line 133
Cake\Controller\ComponentRegistry::_create() - CORE\src\Controller\ComponentRegistry.php, line 118
Cake\Core\ObjectRegistry::load() - CORE\src\Core\ObjectRegistry.php, line 93
Cake\Controller\Controller::loadComponent() - CORE\src\Controller\Controller.php, line 322
App\Controller\AppController::initialize() - APP/Controller\AppController.php, line 50
Cake\Controller\Controller::__construct() - CORE\src\Controller\Controller.php, line 262
Bake\Shell\Task\TestTask::buildTestSubject() - ROOT\vendor\cakephp\bake\src\Shell\Task\TestTask.php, line 324
Bake\Shell\Task\TestTask::bake() - ROOT\vendor\cakephp\bake\src\Shell\Task\TestTask.php, line 229
Bake\Shell\Task\ControllerTask::bakeTest() - ROOT\vendor\cakephp\bake\src\Shell\Task\ControllerTask.php, line 214
Bake\Shell\Task\ControllerTask::bake() - ROOT\vendor\cakephp\bake\src\Shell\Task\ControllerTask.php, line 160
Bake\Shell\Task\ControllerTask::main() - ROOT\vendor\cakephp\bake\src\Shell\Task\ControllerTask.php, line 66
Cake\Console\Shell::runCommand() - CORE\src\Console\Shell.php, line 472
Cake\Console\Shell::runCommand() - CORE\src\Console\Shell.php, line 465
Cake\Console\ShellDispatcher::_dispatch() - CORE\src\Console\ShellDispatcher.php, line 230
Cake\Console\ShellDispatcher::dispatch() - CORE\src\Console\ShellDispatcher.php, line 182
Cake\Console\ShellDispatcher::run() - CORE\src\Console\ShellDispatcher.php, line 128
[main] - ROOT\bin\cake.php, line 34



2017-09-10 06:16:21 Notice: Notice (8): Undefined index: Cpus in [C:\xampp\htdocs\tesis\prueba\tmp\bake\Bake-Model-table-ctp.php, line 21]
Trace:
Cake\Error\BaseErrorHandler::handleError() - CORE\src\Error\BaseErrorHandler.php, line 153
include - ROOT\tmp\bake\Bake-Model-table-ctp.php, line 21
Bake\View\BakeView::_evaluate() - ROOT\vendor\cakephp\bake\src\View\BakeView.php, line 204
Cake\View\View::_render() - CORE\src\View\View.php, line 986
Bake\View\BakeView::render() - ROOT\vendor\cakephp\bake\src\View\BakeView.php, line 140
Bake\Shell\Task\BakeTemplateTask::generate() - ROOT\vendor\cakephp\bake\src\Shell\Task\BakeTemplateTask.php, line 88
Bake\Shell\Task\ModelTask::bakeTable() - ROOT\vendor\cakephp\bake\src\Shell\Task\ModelTask.php, line 934
Bake\Shell\Task\ModelTask::bake() - ROOT\vendor\cakephp\bake\src\Shell\Task\ModelTask.php, line 111
Bake\Shell\Task\ModelTask::main() - ROOT\vendor\cakephp\bake\src\Shell\Task\ModelTask.php, line 97
Cake\Console\Shell::runCommand() - CORE\src\Console\Shell.php, line 472
Cake\Console\Shell::runCommand() - CORE\src\Console\Shell.php, line 465
Cake\Console\ShellDispatcher::_dispatch() - CORE\src\Console\ShellDispatcher.php, line 230
Cake\Console\ShellDispatcher::dispatch() - CORE\src\Console\ShellDispatcher.php, line 182
Cake\Console\ShellDispatcher::run() - CORE\src\Console\ShellDispatcher.php, line 128
[main] - ROOT\bin\cake.php, line 34



2017-09-10 06:16:21 Notice: Notice (8): Undefined index: Officials in [C:\xampp\htdocs\tesis\prueba\tmp\bake\Bake-Model-table-ctp.php, line 21]
Trace:
Cake\Error\BaseErrorHandler::handleError() - CORE\src\Error\BaseErrorHandler.php, line 153
include - ROOT\tmp\bake\Bake-Model-table-ctp.php, line 21
Bake\View\BakeView::_evaluate() - ROOT\vendor\cakephp\bake\src\View\BakeView.php, line 204
Cake\View\View::_render() - CORE\src\View\View.php, line 986
Bake\View\BakeView::render() - ROOT\vendor\cakephp\bake\src\View\BakeView.php, line 140
Bake\Shell\Task\BakeTemplateTask::generate() - ROOT\vendor\cakephp\bake\src\Shell\Task\BakeTemplateTask.php, line 88
Bake\Shell\Task\ModelTask::bakeTable() - ROOT\vendor\cakephp\bake\src\Shell\Task\ModelTask.php, line 934
Bake\Shell\Task\ModelTask::bake() - ROOT\vendor\cakephp\bake\src\Shell\Task\ModelTask.php, line 111
Bake\Shell\Task\ModelTask::main() - ROOT\vendor\cakephp\bake\src\Shell\Task\ModelTask.php, line 97
Cake\Console\Shell::runCommand() - CORE\src\Console\Shell.php, line 472
Cake\Console\Shell::runCommand() - CORE\src\Console\Shell.php, line 465
Cake\Console\ShellDispatcher::_dispatch() - CORE\src\Console\ShellDispatcher.php, line 230
Cake\Console\ShellDispatcher::dispatch() - CORE\src\Console\ShellDispatcher.php, line 182
Cake\Console\ShellDispatcher::run() - CORE\src\Console\ShellDispatcher.php, line 128
[main] - ROOT\bin\cake.php, line 34



2017-09-10 06:16:55 Notice: Notice (8): Undefined index: IncomeEquipments in [C:\xampp\htdocs\tesis\prueba\tmp\bake\Bake-Model-table-ctp.php, line 21]
Trace:
Cake\Error\BaseErrorHandler::handleError() - CORE\src\Error\BaseErrorHandler.php, line 153
include - ROOT\tmp\bake\Bake-Model-table-ctp.php, line 21
Bake\View\BakeView::_evaluate() - ROOT\vendor\cakephp\bake\src\View\BakeView.php, line 204
Cake\View\View::_render() - CORE\src\View\View.php, line 986
Bake\View\BakeView::render() - ROOT\vendor\cakephp\bake\src\View\BakeView.php, line 140
Bake\Shell\Task\BakeTemplateTask::generate() - ROOT\vendor\cakephp\bake\src\Shell\Task\BakeTemplateTask.php, line 88
Bake\Shell\Task\ModelTask::bakeTable() - ROOT\vendor\cakephp\bake\src\Shell\Task\ModelTask.php, line 934
Bake\Shell\Task\ModelTask::bake() - ROOT\vendor\cakephp\bake\src\Shell\Task\ModelTask.php, line 111
Bake\Shell\Task\ModelTask::main() - ROOT\vendor\cakephp\bake\src\Shell\Task\ModelTask.php, line 97
Cake\Console\Shell::runCommand() - CORE\src\Console\Shell.php, line 472
Cake\Console\Shell::runCommand() - CORE\src\Console\Shell.php, line 465
Cake\Console\ShellDispatcher::_dispatch() - CORE\src\Console\ShellDispatcher.php, line 230
Cake\Console\ShellDispatcher::dispatch() - CORE\src\Console\ShellDispatcher.php, line 182
Cake\Console\ShellDispatcher::run() - CORE\src\Console\ShellDispatcher.php, line 128
[main] - ROOT\bin\cake.php, line 34



2017-09-10 06:16:55 Notice: Notice (8): Undefined index: Officials in [C:\xampp\htdocs\tesis\prueba\tmp\bake\Bake-Model-table-ctp.php, line 21]
Trace:
Cake\Error\BaseErrorHandler::handleError() - CORE\src\Error\BaseErrorHandler.php, line 153
include - ROOT\tmp\bake\Bake-Model-table-ctp.php, line 21
Bake\View\BakeView::_evaluate() - ROOT\vendor\cakephp\bake\src\View\BakeView.php, line 204
Cake\View\View::_render() - CORE\src\View\View.php, line 986
Bake\View\BakeView::render() - ROOT\vendor\cakephp\bake\src\View\BakeView.php, line 140
Bake\Shell\Task\BakeTemplateTask::generate() - ROOT\vendor\cakephp\bake\src\Shell\Task\BakeTemplateTask.php, line 88
Bake\Shell\Task\ModelTask::bakeTable() - ROOT\vendor\cakephp\bake\src\Shell\Task\ModelTask.php, line 934
Bake\Shell\Task\ModelTask::bake() - ROOT\vendor\cakephp\bake\src\Shell\Task\ModelTask.php, line 111
Bake\Shell\Task\ModelTask::main() - ROOT\vendor\cakephp\bake\src\Shell\Task\ModelTask.php, line 97
Cake\Console\Shell::runCommand() - CORE\src\Console\Shell.php, line 472
Cake\Console\Shell::runCommand() - CORE\src\Console\Shell.php, line 465
Cake\Console\ShellDispatcher::_dispatch() - CORE\src\Console\ShellDispatcher.php, line 230
Cake\Console\ShellDispatcher::dispatch() - CORE\src\Console\ShellDispatcher.php, line 182
Cake\Console\ShellDispatcher::run() - CORE\src\Console\ShellDispatcher.php, line 128
[main] - ROOT\bin\cake.php, line 34



2017-09-10 06:21:23 Notice: Notice (8): Undefined index: REQUEST_URI in [C:\xampp\htdocs\tesis\prueba\vendor\captcha-com\cakephp-captcha\src\Provider\botdetect.php, line 75]
Trace:
Cake\Error\BaseErrorHandler::handleError() - CORE\src\Error\BaseErrorHandler.php, line 153
include_once - ROOT\vendor\captcha-com\cakephp-captcha\src\Provider\botdetect.php, line 75
CakeCaptcha\Support\LibraryLoader::includeFile() - ROOT\vendor\captcha-com\cakephp-captcha\src\Support\LibraryLoader.php, line 59
CakeCaptcha\Support\LibraryLoader::loadBotDetectLibrary() - ROOT\vendor\captcha-com\cakephp-captcha\src\Support\LibraryLoader.php, line 36
CakeCaptcha\Support\LibraryLoader::load() - ROOT\vendor\captcha-com\cakephp-captcha\src\Support\LibraryLoader.php, line 23
CakeCaptcha\Controller\Component\CaptchaComponent::initialize() - ROOT\vendor\captcha-com\cakephp-captcha\src\Controller\Component\CaptchaComponent.php, line 42
Cake\Controller\Component::__construct() - CORE\src\Controller\Component.php, line 133
Cake\Controller\ComponentRegistry::_create() - CORE\src\Controller\ComponentRegistry.php, line 118
Cake\Core\ObjectRegistry::load() - CORE\src\Core\ObjectRegistry.php, line 93
Cake\Controller\Controller::loadComponent() - CORE\src\Controller\Controller.php, line 322
App\Controller\AppController::initialize() - APP/Controller\AppController.php, line 50
Cake\Controller\Controller::__construct() - CORE\src\Controller\Controller.php, line 262
Bake\Shell\Task\TestTask::buildTestSubject() - ROOT\vendor\cakephp\bake\src\Shell\Task\TestTask.php, line 324
Bake\Shell\Task\TestTask::bake() - ROOT\vendor\cakephp\bake\src\Shell\Task\TestTask.php, line 229
Bake\Shell\Task\ControllerTask::bakeTest() - ROOT\vendor\cakephp\bake\src\Shell\Task\ControllerTask.php, line 214
Bake\Shell\Task\ControllerTask::bake() - ROOT\vendor\cakephp\bake\src\Shell\Task\ControllerTask.php, line 160
Bake\Shell\Task\ControllerTask::main() - ROOT\vendor\cakephp\bake\src\Shell\Task\ControllerTask.php, line 66
Cake\Console\Shell::runCommand() - CORE\src\Console\Shell.php, line 472
Cake\Console\Shell::runCommand() - CORE\src\Console\Shell.php, line 465
Cake\Console\ShellDispatcher::_dispatch() - CORE\src\Console\ShellDispatcher.php, line 230
Cake\Console\ShellDispatcher::dispatch() - CORE\src\Console\ShellDispatcher.php, line 182
Cake\Console\ShellDispatcher::run() - CORE\src\Console\ShellDispatcher.php, line 128
[main] - ROOT\bin\cake.php, line 34



2017-09-10 06:33:06 Notice: Notice (8): Undefined index: REQUEST_URI in [C:\xampp\htdocs\tesis\prueba\vendor\captcha-com\cakephp-captcha\src\Provider\botdetect.php, line 75]
Trace:
Cake\Error\BaseErrorHandler::handleError() - CORE\src\Error\BaseErrorHandler.php, line 153
include_once - ROOT\vendor\captcha-com\cakephp-captcha\src\Provider\botdetect.php, line 75
CakeCaptcha\Support\LibraryLoader::includeFile() - ROOT\vendor\captcha-com\cakephp-captcha\src\Support\LibraryLoader.php, line 59
CakeCaptcha\Support\LibraryLoader::loadBotDetectLibrary() - ROOT\vendor\captcha-com\cakephp-captcha\src\Support\LibraryLoader.php, line 36
CakeCaptcha\Support\LibraryLoader::load() - ROOT\vendor\captcha-com\cakephp-captcha\src\Support\LibraryLoader.php, line 23
CakeCaptcha\Controller\Component\CaptchaComponent::initialize() - ROOT\vendor\captcha-com\cakephp-captcha\src\Controller\Component\CaptchaComponent.php, line 42
Cake\Controller\Component::__construct() - CORE\src\Controller\Component.php, line 133
Cake\Controller\ComponentRegistry::_create() - CORE\src\Controller\ComponentRegistry.php, line 118
Cake\Core\ObjectRegistry::load() - CORE\src\Core\ObjectRegistry.php, line 93
Cake\Controller\Controller::loadComponent() - CORE\src\Controller\Controller.php, line 322
App\Controller\AppController::initialize() - APP/Controller\AppController.php, line 50
Cake\Controller\Controller::__construct() - CORE\src\Controller\Controller.php, line 262
Bake\Shell\Task\TestTask::buildTestSubject() - ROOT\vendor\cakephp\bake\src\Shell\Task\TestTask.php, line 324
Bake\Shell\Task\TestTask::bake() - ROOT\vendor\cakephp\bake\src\Shell\Task\TestTask.php, line 229
Bake\Shell\Task\ControllerTask::bakeTest() - ROOT\vendor\cakephp\bake\src\Shell\Task\ControllerTask.php, line 214
Bake\Shell\Task\ControllerTask::bake() - ROOT\vendor\cakephp\bake\src\Shell\Task\ControllerTask.php, line 160
Bake\Shell\Task\ControllerTask::main() - ROOT\vendor\cakephp\bake\src\Shell\Task\ControllerTask.php, line 66
Cake\Console\Shell::runCommand() - CORE\src\Console\Shell.php, line 472
Cake\Console\Shell::runCommand() - CORE\src\Console\Shell.php, line 465
Cake\Console\ShellDispatcher::_dispatch() - CORE\src\Console\ShellDispatcher.php, line 230
Cake\Console\ShellDispatcher::dispatch() - CORE\src\Console\ShellDispatcher.php, line 182
Cake\Console\ShellDispatcher::run() - CORE\src\Console\ShellDispatcher.php, line 128
[main] - ROOT\bin\cake.php, line 34



2017-09-10 15:54:35 Notice: Notice (8): Undefined index: Cpus in [C:\xampp\htdocs\tesis\prueba\tmp\bake\Bake-Model-table-ctp.php, line 21]
Trace:
Cake\Error\BaseErrorHandler::handleError() - CORE\src\Error\BaseErrorHandler.php, line 153
include - ROOT\tmp\bake\Bake-Model-table-ctp.php, line 21
Bake\View\BakeView::_evaluate() - ROOT\vendor\cakephp\bake\src\View\BakeView.php, line 204
Cake\View\View::_render() - CORE\src\View\View.php, line 986
Bake\View\BakeView::render() - ROOT\vendor\cakephp\bake\src\View\BakeView.php, line 140
Bake\Shell\Task\BakeTemplateTask::generate() - ROOT\vendor\cakephp\bake\src\Shell\Task\BakeTemplateTask.php, line 88
Bake\Shell\Task\ModelTask::bakeTable() - ROOT\vendor\cakephp\bake\src\Shell\Task\ModelTask.php, line 934
Bake\Shell\Task\ModelTask::bake() - ROOT\vendor\cakephp\bake\src\Shell\Task\ModelTask.php, line 111
Bake\Shell\Task\ModelTask::main() - ROOT\vendor\cakephp\bake\src\Shell\Task\ModelTask.php, line 97
Cake\Console\Shell::runCommand() - CORE\src\Console\Shell.php, line 472
Cake\Console\Shell::runCommand() - CORE\src\Console\Shell.php, line 465
Cake\Console\ShellDispatcher::_dispatch() - CORE\src\Console\ShellDispatcher.php, line 230
Cake\Console\ShellDispatcher::dispatch() - CORE\src\Console\ShellDispatcher.php, line 182
Cake\Console\ShellDispatcher::run() - CORE\src\Console\ShellDispatcher.php, line 128
[main] - ROOT\bin\cake.php, line 34



2017-09-10 15:54:35 Notice: Notice (8): Undefined index: Users in [C:\xampp\htdocs\tesis\prueba\tmp\bake\Bake-Model-table-ctp.php, line 21]
Trace:
Cake\Error\BaseErrorHandler::handleError() - CORE\src\Error\BaseErrorHandler.php, line 153
include - ROOT\tmp\bake\Bake-Model-table-ctp.php, line 21
Bake\View\BakeView::_evaluate() - ROOT\vendor\cakephp\bake\src\View\BakeView.php, line 204
Cake\View\View::_render() - CORE\src\View\View.php, line 986
Bake\View\BakeView::render() - ROOT\vendor\cakephp\bake\src\View\BakeView.php, line 140
Bake\Shell\Task\BakeTemplateTask::generate() - ROOT\vendor\cakephp\bake\src\Shell\Task\BakeTemplateTask.php, line 88
Bake\Shell\Task\ModelTask::bakeTable() - ROOT\vendor\cakephp\bake\src\Shell\Task\ModelTask.php, line 934
Bake\Shell\Task\ModelTask::bake() - ROOT\vendor\cakephp\bake\src\Shell\Task\ModelTask.php, line 111
Bake\Shell\Task\ModelTask::main() - ROOT\vendor\cakephp\bake\src\Shell\Task\ModelTask.php, line 97
Cake\Console\Shell::runCommand() - CORE\src\Console\Shell.php, line 472
Cake\Console\Shell::runCommand() - CORE\src\Console\Shell.php, line 465
Cake\Console\ShellDispatcher::_dispatch() - CORE\src\Console\ShellDispatcher.php, line 230
Cake\Console\ShellDispatcher::dispatch() - CORE\src\Console\ShellDispatcher.php, line 182
Cake\Console\ShellDispatcher::run() - CORE\src\Console\ShellDispatcher.php, line 128
[main] - ROOT\bin\cake.php, line 34



2017-09-10 15:55:21 Notice: Notice (8): Undefined index: Users in [C:\xampp\htdocs\tesis\prueba\tmp\bake\Bake-Model-table-ctp.php, line 21]
Trace:
Cake\Error\BaseErrorHandler::handleError() - CORE\src\Error\BaseErrorHandler.php, line 153
include - ROOT\tmp\bake\Bake-Model-table-ctp.php, line 21
Bake\View\BakeView::_evaluate() - ROOT\vendor\cakephp\bake\src\View\BakeView.php, line 204
Cake\View\View::_render() - CORE\src\View\View.php, line 986
Bake\View\BakeView::render() - ROOT\vendor\cakephp\bake\src\View\BakeView.php, line 140
Bake\Shell\Task\BakeTemplateTask::generate() - ROOT\vendor\cakephp\bake\src\Shell\Task\BakeTemplateTask.php, line 88
Bake\Shell\Task\ModelTask::bakeTable() - ROOT\vendor\cakephp\bake\src\Shell\Task\ModelTask.php, line 934
Bake\Shell\Task\ModelTask::bake() - ROOT\vendor\cakephp\bake\src\Shell\Task\ModelTask.php, line 111
Bake\Shell\Task\ModelTask::main() - ROOT\vendor\cakephp\bake\src\Shell\Task\ModelTask.php, line 97
Cake\Console\Shell::runCommand() - CORE\src\Console\Shell.php, line 472
Cake\Console\Shell::runCommand() - CORE\src\Console\Shell.php, line 465
Cake\Console\ShellDispatcher::_dispatch() - CORE\src\Console\ShellDispatcher.php, line 230
Cake\Console\ShellDispatcher::dispatch() - CORE\src\Console\ShellDispatcher.php, line 182
Cake\Console\ShellDispatcher::run() - CORE\src\Console\ShellDispatcher.php, line 128
[main] - ROOT\bin\cake.php, line 34



2017-09-10 15:55:46 Notice: Notice (8): Undefined index: REQUEST_URI in [C:\xampp\htdocs\tesis\prueba\vendor\captcha-com\cakephp-captcha\src\Provider\botdetect.php, line 75]
Trace:
Cake\Error\BaseErrorHandler::handleError() - CORE\src\Error\BaseErrorHandler.php, line 153
include_once - ROOT\vendor\captcha-com\cakephp-captcha\src\Provider\botdetect.php, line 75
CakeCaptcha\Support\LibraryLoader::includeFile() - ROOT\vendor\captcha-com\cakephp-captcha\src\Support\LibraryLoader.php, line 59
CakeCaptcha\Support\LibraryLoader::loadBotDetectLibrary() - ROOT\vendor\captcha-com\cakephp-captcha\src\Support\LibraryLoader.php, line 36
CakeCaptcha\Support\LibraryLoader::load() - ROOT\vendor\captcha-com\cakephp-captcha\src\Support\LibraryLoader.php, line 23
CakeCaptcha\Controller\Component\CaptchaComponent::initialize() - ROOT\vendor\captcha-com\cakephp-captcha\src\Controller\Component\CaptchaComponent.php, line 42
Cake\Controller\Component::__construct() - CORE\src\Controller\Component.php, line 133
Cake\Controller\ComponentRegistry::_create() - CORE\src\Controller\ComponentRegistry.php, line 118
Cake\Core\ObjectRegistry::load() - CORE\src\Core\ObjectRegistry.php, line 93
Cake\Controller\Controller::loadComponent() - CORE\src\Controller\Controller.php, line 322
App\Controller\AppController::initialize() - APP/Controller\AppController.php, line 50
Cake\Controller\Controller::__construct() - CORE\src\Controller\Controller.php, line 262
Bake\Shell\Task\TestTask::buildTestSubject() - ROOT\vendor\cakephp\bake\src\Shell\Task\TestTask.php, line 324
Bake\Shell\Task\TestTask::bake() - ROOT\vendor\cakephp\bake\src\Shell\Task\TestTask.php, line 229
Bake\Shell\Task\ControllerTask::bakeTest() - ROOT\vendor\cakephp\bake\src\Shell\Task\ControllerTask.php, line 214
Bake\Shell\Task\ControllerTask::bake() - ROOT\vendor\cakephp\bake\src\Shell\Task\ControllerTask.php, line 160
Bake\Shell\Task\ControllerTask::main() - ROOT\vendor\cakephp\bake\src\Shell\Task\ControllerTask.php, line 66
Cake\Console\Shell::runCommand() - CORE\src\Console\Shell.php, line 472
Cake\Console\Shell::runCommand() - CORE\src\Console\Shell.php, line 465
Cake\Console\ShellDispatcher::_dispatch() - CORE\src\Console\ShellDispatcher.php, line 230
Cake\Console\ShellDispatcher::dispatch() - CORE\src\Console\ShellDispatcher.php, line 182
Cake\Console\ShellDispatcher::run() - CORE\src\Console\ShellDispatcher.php, line 128
[main] - ROOT\bin\cake.php, line 34



2017-09-10 15:56:05 Notice: Notice (8): Undefined index: REQUEST_URI in [C:\xampp\htdocs\tesis\prueba\vendor\captcha-com\cakephp-captcha\src\Provider\botdetect.php, line 75]
Trace:
Cake\Error\BaseErrorHandler::handleError() - CORE\src\Error\BaseErrorHandler.php, line 153
include_once - ROOT\vendor\captcha-com\cakephp-captcha\src\Provider\botdetect.php, line 75
CakeCaptcha\Support\LibraryLoader::includeFile() - ROOT\vendor\captcha-com\cakephp-captcha\src\Support\LibraryLoader.php, line 59
CakeCaptcha\Support\LibraryLoader::loadBotDetectLibrary() - ROOT\vendor\captcha-com\cakephp-captcha\src\Support\LibraryLoader.php, line 36
CakeCaptcha\Support\LibraryLoader::load() - ROOT\vendor\captcha-com\cakephp-captcha\src\Support\LibraryLoader.php, line 23
CakeCaptcha\Controller\Component\CaptchaComponent::initialize() - ROOT\vendor\captcha-com\cakephp-captcha\src\Controller\Component\CaptchaComponent.php, line 42
Cake\Controller\Component::__construct() - CORE\src\Controller\Component.php, line 133
Cake\Controller\ComponentRegistry::_create() - CORE\src\Controller\ComponentRegistry.php, line 118
Cake\Core\ObjectRegistry::load() - CORE\src\Core\ObjectRegistry.php, line 93
Cake\Controller\Controller::loadComponent() - CORE\src\Controller\Controller.php, line 322
App\Controller\AppController::initialize() - APP/Controller\AppController.php, line 50
Cake\Controller\Controller::__construct() - CORE\src\Controller\Controller.php, line 262
Bake\Shell\Task\TestTask::buildTestSubject() - ROOT\vendor\cakephp\bake\src\Shell\Task\TestTask.php, line 324
Bake\Shell\Task\TestTask::bake() - ROOT\vendor\cakephp\bake\src\Shell\Task\TestTask.php, line 229
Bake\Shell\Task\ControllerTask::bakeTest() - ROOT\vendor\cakephp\bake\src\Shell\Task\ControllerTask.php, line 214
Bake\Shell\Task\ControllerTask::bake() - ROOT\vendor\cakephp\bake\src\Shell\Task\ControllerTask.php, line 160
Bake\Shell\Task\ControllerTask::main() - ROOT\vendor\cakephp\bake\src\Shell\Task\ControllerTask.php, line 66
Cake\Console\Shell::runCommand() - CORE\src\Console\Shell.php, line 472
Cake\Console\Shell::runCommand() - CORE\src\Console\Shell.php, line 465
Cake\Console\ShellDispatcher::_dispatch() - CORE\src\Console\ShellDispatcher.php, line 230
Cake\Console\ShellDispatcher::dispatch() - CORE\src\Console\ShellDispatcher.php, line 182
Cake\Console\ShellDispatcher::run() - CORE\src\Console\ShellDispatcher.php, line 128
[main] - ROOT\bin\cake.php, line 34



2017-09-14 04:16:26 Notice: Notice (8): Undefined index: ExpendituresEquipment in [C:\xampp\htdocs\tesis\prueba\tmp\bake\Bake-Model-table-ctp.php, line 21]
Trace:
Cake\Error\BaseErrorHandler::handleError() - CORE\src\Error\BaseErrorHandler.php, line 153
include - ROOT\tmp\bake\Bake-Model-table-ctp.php, line 21
Bake\View\BakeView::_evaluate() - ROOT\vendor\cakephp\bake\src\View\BakeView.php, line 204
Cake\View\View::_render() - CORE\src\View\View.php, line 986
Bake\View\BakeView::render() - ROOT\vendor\cakephp\bake\src\View\BakeView.php, line 140
Bake\Shell\Task\BakeTemplateTask::generate() - ROOT\vendor\cakephp\bake\src\Shell\Task\BakeTemplateTask.php, line 88
Bake\Shell\Task\ModelTask::bakeTable() - ROOT\vendor\cakephp\bake\src\Shell\Task\ModelTask.php, line 934
Bake\Shell\Task\ModelTask::bake() - ROOT\vendor\cakephp\bake\src\Shell\Task\ModelTask.php, line 111
Bake\Shell\Task\ModelTask::main() - ROOT\vendor\cakephp\bake\src\Shell\Task\ModelTask.php, line 97
Cake\Console\Shell::runCommand() - CORE\src\Console\Shell.php, line 472
Cake\Console\Shell::runCommand() - CORE\src\Console\Shell.php, line 465
Cake\Console\ShellDispatcher::_dispatch() - CORE\src\Console\ShellDispatcher.php, line 230
Cake\Console\ShellDispatcher::dispatch() - CORE\src\Console\ShellDispatcher.php, line 182
Cake\Console\ShellDispatcher::run() - CORE\src\Console\ShellDispatcher.php, line 128
[main] - ROOT\bin\cake.php, line 34



2017-09-14 04:16:26 Notice: Notice (8): Undefined index: IncomeEquipment in [C:\xampp\htdocs\tesis\prueba\tmp\bake\Bake-Model-table-ctp.php, line 21]
Trace:
Cake\Error\BaseErrorHandler::handleError() - CORE\src\Error\BaseErrorHandler.php, line 153
include - ROOT\tmp\bake\Bake-Model-table-ctp.php, line 21
Bake\View\BakeView::_evaluate() - ROOT\vendor\cakephp\bake\src\View\BakeView.php, line 204
Cake\View\View::_render() - CORE\src\View\View.php, line 986
Bake\View\BakeView::render() - ROOT\vendor\cakephp\bake\src\View\BakeView.php, line 140
Bake\Shell\Task\BakeTemplateTask::generate() - ROOT\vendor\cakephp\bake\src\Shell\Task\BakeTemplateTask.php, line 88
Bake\Shell\Task\ModelTask::bakeTable() - ROOT\vendor\cakephp\bake\src\Shell\Task\ModelTask.php, line 934
Bake\Shell\Task\ModelTask::bake() - ROOT\vendor\cakephp\bake\src\Shell\Task\ModelTask.php, line 111
Bake\Shell\Task\ModelTask::main() - ROOT\vendor\cakephp\bake\src\Shell\Task\ModelTask.php, line 97
Cake\Console\Shell::runCommand() - CORE\src\Console\Shell.php, line 472
Cake\Console\Shell::runCommand() - CORE\src\Console\Shell.php, line 465
Cake\Console\ShellDispatcher::_dispatch() - CORE\src\Console\ShellDispatcher.php, line 230
Cake\Console\ShellDispatcher::dispatch() - CORE\src\Console\ShellDispatcher.php, line 182
Cake\Console\ShellDispatcher::run() - CORE\src\Console\ShellDispatcher.php, line 128
[main] - ROOT\bin\cake.php, line 34



